{"/home/amandarodrigues/Documentos/trybe/projetos/frontend/trivia-react-redux/sd-030-a-project-trivia-react-redux/src/App.js": {"path":"/home/amandarodrigues/Documentos/trybe/projetos/frontend/trivia-react-redux/sd-030-a-project-trivia-react-redux/src/App.js","statementMap":{"0":{"start":{"line":12,"column":4},"end":{"line":22,"column":6}}},"fnMap":{"0":{"name":"(anonymous_0)","decl":{"start":{"line":11,"column":2},"end":{"line":11,"column":3}},"loc":{"start":{"line":11,"column":11},"end":{"line":23,"column":3}},"line":11}},"branchMap":{},"s":{"0":7},"f":{"0":7},"b":{},"_coverageSchema":"1a1c01bbd47fc00a2c39e90264f33305004495a9","hash":"9808b9c5073f4a4a0d28d4bf65ed75ca96a5f557"}
,"/home/amandarodrigues/Documentos/trybe/projetos/frontend/trivia-react-redux/sd-030-a-project-trivia-react-redux/src/Redux/store.js": {"path":"/home/amandarodrigues/Documentos/trybe/projetos/frontend/trivia-react-redux/sd-030-a-project-trivia-react-redux/src/Redux/store.js","statementMap":{"0":{"start":{"line":7,"column":14},"end":{"line":12,"column":1}},"1":{"start":{"line":14,"column":0},"end":{"line":16,"column":1}},"2":{"start":{"line":15,"column":2},"end":{"line":15,"column":23}}},"fnMap":{},"branchMap":{"0":{"loc":{"start":{"line":14,"column":0},"end":{"line":16,"column":1}},"type":"if","locations":[{"start":{"line":14,"column":0},"end":{"line":16,"column":1}},{"start":{},"end":{}}],"line":14}},"s":{"0":0,"1":0,"2":0},"f":{},"b":{"0":[0,0]}}
,"/home/amandarodrigues/Documentos/trybe/projetos/frontend/trivia-react-redux/sd-030-a-project-trivia-react-redux/src/Redux/Reducer/player.js": {"path":"/home/amandarodrigues/Documentos/trybe/projetos/frontend/trivia-react-redux/sd-030-a-project-trivia-react-redux/src/Redux/Reducer/player.js","statementMap":{"0":{"start":{"line":3,"column":22},"end":{"line":8,"column":1}},"1":{"start":{"line":10,"column":15},"end":{"line":36,"column":1}},"2":{"start":{"line":11,"column":2},"end":{"line":35,"column":3}},"3":{"start":{"line":13,"column":4},"end":{"line":17,"column":6}},"4":{"start":{"line":19,"column":4},"end":{"line":22,"column":6}},"5":{"start":{"line":24,"column":4},"end":{"line":27,"column":6}},"6":{"start":{"line":29,"column":4},"end":{"line":32,"column":6}},"7":{"start":{"line":34,"column":4},"end":{"line":34,"column":17}}},"fnMap":{"0":{"name":"(anonymous_0)","decl":{"start":{"line":10,"column":15},"end":{"line":10,"column":16}},"loc":{"start":{"line":10,"column":50},"end":{"line":36,"column":1}},"line":10}},"branchMap":{"0":{"loc":{"start":{"line":10,"column":16},"end":{"line":10,"column":37}},"type":"default-arg","locations":[{"start":{"line":10,"column":24},"end":{"line":10,"column":37}}],"line":10},"1":{"loc":{"start":{"line":11,"column":2},"end":{"line":35,"column":3}},"type":"switch","locations":[{"start":{"line":12,"column":2},"end":{"line":17,"column":6}},{"start":{"line":18,"column":2},"end":{"line":22,"column":6}},{"start":{"line":23,"column":2},"end":{"line":27,"column":6}},{"start":{"line":28,"column":2},"end":{"line":32,"column":6}},{"start":{"line":33,"column":2},"end":{"line":34,"column":17}}],"line":11}},"s":{"0":2,"1":2,"2":16,"3":1,"4":0,"5":0,"6":1,"7":14},"f":{"0":16},"b":{"0":[13],"1":[1,0,0,1,14]},"_coverageSchema":"1a1c01bbd47fc00a2c39e90264f33305004495a9","hash":"b9c3756a0822b6ea41d01dfb86d0affca0ac0464"}
,"/home/amandarodrigues/Documentos/trybe/projetos/frontend/trivia-react-redux/sd-030-a-project-trivia-react-redux/src/Redux/Reducer/token.js": {"path":"/home/amandarodrigues/Documentos/trybe/projetos/frontend/trivia-react-redux/sd-030-a-project-trivia-react-redux/src/Redux/Reducer/token.js","statementMap":{},"fnMap":{},"branchMap":{},"s":{},"f":{},"b":{},"_coverageSchema":"1a1c01bbd47fc00a2c39e90264f33305004495a9","hash":"dd08a695b2d5434ffc7ebee543703c0ff67a5128"}
,"/home/amandarodrigues/Documentos/trybe/projetos/frontend/trivia-react-redux/sd-030-a-project-trivia-react-redux/src/components/Header.jsx": {"path":"/home/amandarodrigues/Documentos/trybe/projetos/frontend/trivia-react-redux/sd-030-a-project-trivia-react-redux/src/components/Header.jsx","statementMap":{"0":{"start":{"line":8,"column":10},"end":{"line":10,"column":3}},"1":{"start":{"line":13,"column":30},"end":{"line":13,"column":40}},"2":{"start":{"line":14,"column":17},"end":{"line":14,"column":46}},"3":{"start":{"line":15,"column":4},"end":{"line":17,"column":7}},"4":{"start":{"line":21,"column":43},"end":{"line":21,"column":53}},"5":{"start":{"line":22,"column":17},"end":{"line":22,"column":46}},"6":{"start":{"line":23,"column":21},"end":{"line":23,"column":62}},"7":{"start":{"line":25,"column":18},"end":{"line":29,"column":5}},"8":{"start":{"line":30,"column":4},"end":{"line":30,"column":57}},"9":{"start":{"line":39,"column":28},"end":{"line":39,"column":38}},"10":{"start":{"line":40,"column":21},"end":{"line":40,"column":31}},"11":{"start":{"line":41,"column":21},"end":{"line":41,"column":62}},"12":{"start":{"line":58,"column":4},"end":{"line":68,"column":6}},"13":{"start":{"line":72,"column":24},"end":{"line":74,"column":2}},"14":{"start":{"line":72,"column":42},"end":{"line":74,"column":1}},"15":{"start":{"line":76,"column":0},"end":{"line":80,"column":2}}},"fnMap":{"0":{"name":"(anonymous_0)","decl":{"start":{"line":12,"column":2},"end":{"line":12,"column":3}},"loc":{"start":{"line":12,"column":22},"end":{"line":18,"column":3}},"line":12},"1":{"name":"(anonymous_1)","decl":{"start":{"line":20,"column":2},"end":{"line":20,"column":3}},"loc":{"start":{"line":20,"column":23},"end":{"line":36,"column":3}},"line":20},"2":{"name":"(anonymous_2)","decl":{"start":{"line":38,"column":2},"end":{"line":38,"column":3}},"loc":{"start":{"line":38,"column":11},"end":{"line":69,"column":3}},"line":38},"3":{"name":"(anonymous_3)","decl":{"start":{"line":72,"column":24},"end":{"line":72,"column":25}},"loc":{"start":{"line":72,"column":42},"end":{"line":74,"column":1}},"line":72}},"branchMap":{},"s":{"0":5,"1":5,"2":5,"3":5,"4":5,"5":5,"6":5,"7":5,"8":5,"9":10,"10":10,"11":10,"12":10,"13":2,"14":6,"15":2},"f":{"0":5,"1":5,"2":10,"3":6},"b":{},"_coverageSchema":"1a1c01bbd47fc00a2c39e90264f33305004495a9","hash":"51a1206ce91d0b913e43fe5b7edadab3f42419bb"}
,"/home/amandarodrigues/Documentos/trybe/projetos/frontend/trivia-react-redux/sd-030-a-project-trivia-react-redux/src/helpers/storage.js": {"path":"/home/amandarodrigues/Documentos/trybe/projetos/frontend/trivia-react-redux/sd-030-a-project-trivia-react-redux/src/helpers/storage.js","statementMap":{"0":{"start":{"line":1,"column":24},"end":{"line":4,"column":1}},"1":{"start":{"line":2,"column":21},"end":{"line":2,"column":52}},"2":{"start":{"line":3,"column":2},"end":{"line":3,"column":50}},"3":{"start":{"line":5,"column":26},"end":{"line":9,"column":1}},"4":{"start":{"line":6,"column":20},"end":{"line":6,"column":30}},"5":{"start":{"line":7,"column":20},"end":{"line":7,"column":42}},"6":{"start":{"line":8,"column":2},"end":{"line":8,"column":61}}},"fnMap":{"0":{"name":"(anonymous_0)","decl":{"start":{"line":1,"column":24},"end":{"line":1,"column":25}},"loc":{"start":{"line":1,"column":30},"end":{"line":4,"column":1}},"line":1},"1":{"name":"(anonymous_1)","decl":{"start":{"line":5,"column":26},"end":{"line":5,"column":27}},"loc":{"start":{"line":5,"column":38},"end":{"line":9,"column":1}},"line":5}},"branchMap":{"0":{"loc":{"start":{"line":3,"column":9},"end":{"line":3,"column":49}},"type":"cond-expr","locations":[{"start":{"line":3,"column":22},"end":{"line":3,"column":44}},{"start":{"line":3,"column":47},"end":{"line":3,"column":49}}],"line":3}},"s":{"0":2,"1":1,"2":1,"3":2,"4":0,"5":0,"6":0},"f":{"0":1,"1":0},"b":{"0":[0,1]},"_coverageSchema":"1a1c01bbd47fc00a2c39e90264f33305004495a9","hash":"a927f839366d9de846fd4841f37862b70ef19d5c"}
,"/home/amandarodrigues/Documentos/trybe/projetos/frontend/trivia-react-redux/sd-030-a-project-trivia-react-redux/src/pages/Feedback.jsx": {"path":"/home/amandarodrigues/Documentos/trybe/projetos/frontend/trivia-react-redux/sd-030-a-project-trivia-react-redux/src/pages/Feedback.jsx","statementMap":{"0":{"start":{"line":8,"column":10},"end":{"line":12,"column":3}},"1":{"start":{"line":9,"column":24},"end":{"line":9,"column":34}},"2":{"start":{"line":11,"column":4},"end":{"line":11,"column":22}},"3":{"start":{"line":15,"column":43},"end":{"line":15,"column":53}},"4":{"start":{"line":16,"column":25},"end":{"line":16,"column":26}},"5":{"start":{"line":17,"column":20},"end":{"line":17,"column":83}},"6":{"start":{"line":18,"column":4},"end":{"line":41,"column":6}},"7":{"start":{"line":35,"column":28},"end":{"line":35,"column":52}},"8":{"start":{"line":45,"column":0},"end":{"line":51,"column":2}},"9":{"start":{"line":53,"column":24},"end":{"line":56,"column":2}},"10":{"start":{"line":53,"column":36},"end":{"line":56,"column":1}}},"fnMap":{"0":{"name":"(anonymous_0)","decl":{"start":{"line":8,"column":10},"end":{"line":8,"column":11}},"loc":{"start":{"line":8,"column":16},"end":{"line":12,"column":3}},"line":8},"1":{"name":"(anonymous_1)","decl":{"start":{"line":14,"column":2},"end":{"line":14,"column":3}},"loc":{"start":{"line":14,"column":11},"end":{"line":42,"column":3}},"line":14},"2":{"name":"(anonymous_2)","decl":{"start":{"line":35,"column":22},"end":{"line":35,"column":23}},"loc":{"start":{"line":35,"column":28},"end":{"line":35,"column":52}},"line":35},"3":{"name":"(anonymous_3)","decl":{"start":{"line":53,"column":24},"end":{"line":53,"column":25}},"loc":{"start":{"line":53,"column":36},"end":{"line":56,"column":1}},"line":53}},"branchMap":{"0":{"loc":{"start":{"line":17,"column":20},"end":{"line":17,"column":83}},"type":"cond-expr","locations":[{"start":{"line":17,"column":48},"end":{"line":17,"column":68}},{"start":{"line":17,"column":71},"end":{"line":17,"column":83}}],"line":17}},"s":{"0":4,"1":1,"2":1,"3":4,"4":4,"5":4,"6":4,"7":1,"8":2,"9":2,"10":4},"f":{"0":1,"1":4,"2":1,"3":4},"b":{"0":[3,1]},"_coverageSchema":"1a1c01bbd47fc00a2c39e90264f33305004495a9","hash":"208a4f5a8359c6c9ea60eec9fceb300e9d664349"}
,"/home/amandarodrigues/Documentos/trybe/projetos/frontend/trivia-react-redux/sd-030-a-project-trivia-react-redux/src/pages/Game.jsx": {"path":"/home/amandarodrigues/Documentos/trybe/projetos/frontend/trivia-react-redux/sd-030-a-project-trivia-react-redux/src/pages/Game.jsx","statementMap":{"0":{"start":{"line":9,"column":10},"end":{"line":17,"column":3}},"1":{"start":{"line":20,"column":25},"end":{"line":20,"column":35}},"2":{"start":{"line":21,"column":4},"end":{"line":21,"column":28}},"3":{"start":{"line":22,"column":18},"end":{"line":22,"column":47}},"4":{"start":{"line":23,"column":23},"end":{"line":23,"column":33}},"5":{"start":{"line":24,"column":4},"end":{"line":24,"column":24}},"6":{"start":{"line":26,"column":4},"end":{"line":58,"column":5}},"7":{"start":{"line":27,"column":23},"end":{"line":27,"column":89}},"8":{"start":{"line":28,"column":19},"end":{"line":28,"column":40}},"9":{"start":{"line":29,"column":18},"end":{"line":29,"column":19}},"10":{"start":{"line":30,"column":6},"end":{"line":34,"column":7}},"11":{"start":{"line":31,"column":28},"end":{"line":31,"column":38}},"12":{"start":{"line":32,"column":8},"end":{"line":32,"column":41}},"13":{"start":{"line":33,"column":8},"end":{"line":33,"column":26}},"14":{"start":{"line":35,"column":23},"end":{"line":42,"column":7}},"15":{"start":{"line":43,"column":23},"end":{"line":48,"column":8}},"16":{"start":{"line":44,"column":25},"end":{"line":44,"column":98}},"17":{"start":{"line":44,"column":73},"end":{"line":44,"column":97}},"18":{"start":{"line":45,"column":24},"end":{"line":45,"column":103}},"19":{"start":{"line":45,"column":78},"end":{"line":45,"column":102}},"20":{"start":{"line":46,"column":26},"end":{"line":46,"column":140}},"21":{"start":{"line":46,"column":72},"end":{"line":46,"column":139}},"22":{"start":{"line":46,"column":114},"end":{"line":46,"column":138}},"23":{"start":{"line":47,"column":8},"end":{"line":47,"column":60}},"24":{"start":{"line":49,"column":27},"end":{"line":50,"column":46}},"25":{"start":{"line":51,"column":32},"end":{"line":51,"column":63}},"26":{"start":{"line":52,"column":6},"end":{"line":55,"column":9}},"27":{"start":{"line":57,"column":6},"end":{"line":57,"column":49}},"28":{"start":{"line":62,"column":35},"end":{"line":62,"column":45}},"29":{"start":{"line":64,"column":4},"end":{"line":71,"column":5}},"30":{"start":{"line":65,"column":6},"end":{"line":65,"column":36}},"31":{"start":{"line":66,"column":6},"end":{"line":66,"column":27}},"32":{"start":{"line":67,"column":6},"end":{"line":70,"column":9}},"33":{"start":{"line":75,"column":4},"end":{"line":75,"column":34}},"34":{"start":{"line":78,"column":17},"end":{"line":85,"column":3}},"35":{"start":{"line":79,"column":22},"end":{"line":79,"column":26}},"36":{"start":{"line":80,"column":4},"end":{"line":84,"column":18}},"37":{"start":{"line":81,"column":6},"end":{"line":83,"column":10}},"38":{"start":{"line":81,"column":36},"end":{"line":83,"column":7}},"39":{"start":{"line":87,"column":12},"end":{"line":93,"column":3}},"40":{"start":{"line":88,"column":4},"end":{"line":88,"column":34}},"41":{"start":{"line":89,"column":4},"end":{"line":92,"column":7}},"42":{"start":{"line":95,"column":17},"end":{"line":105,"column":3}},"43":{"start":{"line":96,"column":23},"end":{"line":96,"column":35}},"44":{"start":{"line":98,"column":4},"end":{"line":103,"column":5}},"45":{"start":{"line":99,"column":6},"end":{"line":99,"column":61}},"46":{"start":{"line":100,"column":6},"end":{"line":100,"column":24}},"47":{"start":{"line":101,"column":6},"end":{"line":102,"column":49}},"48":{"start":{"line":104,"column":4},"end":{"line":104,"column":17}},"49":{"start":{"line":107,"column":18},"end":{"line":115,"column":3}},"50":{"start":{"line":108,"column":32},"end":{"line":108,"column":42}},"51":{"start":{"line":109,"column":25},"end":{"line":110,"column":43}},"52":{"start":{"line":111,"column":30},"end":{"line":111,"column":61}},"53":{"start":{"line":112,"column":4},"end":{"line":114,"column":7}},"54":{"start":{"line":117,"column":17},"end":{"line":132,"column":3}},"55":{"start":{"line":118,"column":35},"end":{"line":118,"column":45}},"56":{"start":{"line":119,"column":34},"end":{"line":119,"column":44}},"57":{"start":{"line":120,"column":21},"end":{"line":120,"column":22}},"58":{"start":{"line":121,"column":4},"end":{"line":124,"column":5}},"59":{"start":{"line":122,"column":6},"end":{"line":122,"column":43}},"60":{"start":{"line":123,"column":6},"end":{"line":123,"column":32}},"61":{"start":{"line":125,"column":4},"end":{"line":125,"column":24}},"62":{"start":{"line":126,"column":4},"end":{"line":131,"column":28}},"63":{"start":{"line":126,"column":34},"end":{"line":131,"column":5}},"64":{"start":{"line":134,"column":19},"end":{"line":138,"column":3}},"65":{"start":{"line":135,"column":4},"end":{"line":137,"column":8}},"66":{"start":{"line":135,"column":34},"end":{"line":137,"column":5}},"67":{"start":{"line":140,"column":14},"end":{"line":162,"column":3}},"68":{"start":{"line":141,"column":42},"end":{"line":141,"column":52}},"69":{"start":{"line":142,"column":25},"end":{"line":142,"column":35}},"70":{"start":{"line":143,"column":27},"end":{"line":143,"column":29}},"71":{"start":{"line":144,"column":26},"end":{"line":144,"column":27}},"72":{"start":{"line":145,"column":28},"end":{"line":145,"column":29}},"73":{"start":{"line":147,"column":4},"end":{"line":159,"column":5}},"74":{"start":{"line":149,"column":6},"end":{"line":149,"column":52}},"75":{"start":{"line":150,"column":6},"end":{"line":150,"column":12}},"76":{"start":{"line":152,"column":6},"end":{"line":152,"column":70}},"77":{"start":{"line":153,"column":6},"end":{"line":153,"column":12}},"78":{"start":{"line":155,"column":6},"end":{"line":155,"column":72}},"79":{"start":{"line":156,"column":6},"end":{"line":156,"column":12}},"80":{"start":{"line":158,"column":6},"end":{"line":158,"column":18}},"81":{"start":{"line":160,"column":4},"end":{"line":160,"column":19}},"82":{"start":{"line":161,"column":4},"end":{"line":161,"column":26}},"83":{"start":{"line":165,"column":69},"end":{"line":165,"column":79}},"84":{"start":{"line":166,"column":4},"end":{"line":226,"column":6}},"85":{"start":{"line":188,"column":16},"end":{"line":200,"column":17}},"86":{"start":{"line":189,"column":18},"end":{"line":199,"column":20}},"87":{"start":{"line":201,"column":16},"end":{"line":211,"column":18}},"88":{"start":{"line":230,"column":0},"end":{"line":235,"column":2}},"89":{"start":{"line":237,"column":24},"end":{"line":239,"column":2}},"90":{"start":{"line":237,"column":36},"end":{"line":239,"column":1}}},"fnMap":{"0":{"name":"(anonymous_0)","decl":{"start":{"line":19,"column":2},"end":{"line":19,"column":3}},"loc":{"start":{"line":19,"column":28},"end":{"line":59,"column":3}},"line":19},"1":{"name":"(anonymous_1)","decl":{"start":{"line":43,"column":40},"end":{"line":43,"column":41}},"loc":{"start":{"line":43,"column":53},"end":{"line":48,"column":7}},"line":43},"2":{"name":"(anonymous_2)","decl":{"start":{"line":44,"column":62},"end":{"line":44,"column":63}},"loc":{"start":{"line":44,"column":73},"end":{"line":44,"column":97}},"line":44},"3":{"name":"(anonymous_3)","decl":{"start":{"line":45,"column":67},"end":{"line":45,"column":68}},"loc":{"start":{"line":45,"column":78},"end":{"line":45,"column":102}},"line":45},"4":{"name":"(anonymous_4)","decl":{"start":{"line":46,"column":56},"end":{"line":46,"column":57}},"loc":{"start":{"line":46,"column":72},"end":{"line":46,"column":139}},"line":46},"5":{"name":"(anonymous_5)","decl":{"start":{"line":46,"column":103},"end":{"line":46,"column":104}},"loc":{"start":{"line":46,"column":114},"end":{"line":46,"column":138}},"line":46},"6":{"name":"(anonymous_6)","decl":{"start":{"line":61,"column":2},"end":{"line":61,"column":3}},"loc":{"start":{"line":61,"column":23},"end":{"line":72,"column":3}},"line":61},"7":{"name":"(anonymous_7)","decl":{"start":{"line":74,"column":2},"end":{"line":74,"column":3}},"loc":{"start":{"line":74,"column":25},"end":{"line":76,"column":3}},"line":74},"8":{"name":"(anonymous_8)","decl":{"start":{"line":78,"column":17},"end":{"line":78,"column":18}},"loc":{"start":{"line":78,"column":23},"end":{"line":85,"column":3}},"line":78},"9":{"name":"(anonymous_9)","decl":{"start":{"line":80,"column":33},"end":{"line":80,"column":34}},"loc":{"start":{"line":80,"column":39},"end":{"line":84,"column":5}},"line":80},"10":{"name":"(anonymous_10)","decl":{"start":{"line":81,"column":20},"end":{"line":81,"column":21}},"loc":{"start":{"line":81,"column":36},"end":{"line":83,"column":7}},"line":81},"11":{"name":"(anonymous_11)","decl":{"start":{"line":87,"column":12},"end":{"line":87,"column":13}},"loc":{"start":{"line":87,"column":18},"end":{"line":93,"column":3}},"line":87},"12":{"name":"(anonymous_12)","decl":{"start":{"line":95,"column":17},"end":{"line":95,"column":18}},"loc":{"start":{"line":95,"column":28},"end":{"line":105,"column":3}},"line":95},"13":{"name":"(anonymous_13)","decl":{"start":{"line":107,"column":18},"end":{"line":107,"column":19}},"loc":{"start":{"line":107,"column":24},"end":{"line":115,"column":3}},"line":107},"14":{"name":"(anonymous_14)","decl":{"start":{"line":117,"column":17},"end":{"line":117,"column":18}},"loc":{"start":{"line":117,"column":23},"end":{"line":132,"column":3}},"line":117},"15":{"name":"(anonymous_15)","decl":{"start":{"line":126,"column":18},"end":{"line":126,"column":19}},"loc":{"start":{"line":126,"column":34},"end":{"line":131,"column":5}},"line":126},"16":{"name":"(anonymous_16)","decl":{"start":{"line":134,"column":19},"end":{"line":134,"column":20}},"loc":{"start":{"line":134,"column":25},"end":{"line":138,"column":3}},"line":134},"17":{"name":"(anonymous_17)","decl":{"start":{"line":135,"column":18},"end":{"line":135,"column":19}},"loc":{"start":{"line":135,"column":34},"end":{"line":137,"column":5}},"line":135},"18":{"name":"(anonymous_18)","decl":{"start":{"line":140,"column":14},"end":{"line":140,"column":15}},"loc":{"start":{"line":140,"column":20},"end":{"line":162,"column":3}},"line":140},"19":{"name":"(anonymous_19)","decl":{"start":{"line":164,"column":2},"end":{"line":164,"column":3}},"loc":{"start":{"line":164,"column":11},"end":{"line":227,"column":3}},"line":164},"20":{"name":"(anonymous_20)","decl":{"start":{"line":187,"column":28},"end":{"line":187,"column":29}},"loc":{"start":{"line":187,"column":38},"end":{"line":212,"column":15}},"line":187},"21":{"name":"(anonymous_21)","decl":{"start":{"line":237,"column":24},"end":{"line":237,"column":25}},"loc":{"start":{"line":237,"column":36},"end":{"line":239,"column":1}},"line":237}},"branchMap":{"0":{"loc":{"start":{"line":30,"column":6},"end":{"line":34,"column":7}},"type":"if","locations":[{"start":{"line":30,"column":6},"end":{"line":34,"column":7}},{"start":{},"end":{}}],"line":30},"1":{"loc":{"start":{"line":44,"column":73},"end":{"line":44,"column":97}},"type":"binary-expr","locations":[{"start":{"line":44,"column":73},"end":{"line":44,"column":88}},{"start":{"line":44,"column":92},"end":{"line":44,"column":97}}],"line":44},"2":{"loc":{"start":{"line":45,"column":78},"end":{"line":45,"column":102}},"type":"binary-expr","locations":[{"start":{"line":45,"column":78},"end":{"line":45,"column":93}},{"start":{"line":45,"column":97},"end":{"line":45,"column":102}}],"line":45},"3":{"loc":{"start":{"line":46,"column":114},"end":{"line":46,"column":138}},"type":"binary-expr","locations":[{"start":{"line":46,"column":114},"end":{"line":46,"column":129}},{"start":{"line":46,"column":133},"end":{"line":46,"column":138}}],"line":46},"4":{"loc":{"start":{"line":64,"column":4},"end":{"line":71,"column":5}},"type":"if","locations":[{"start":{"line":64,"column":4},"end":{"line":71,"column":5}},{"start":{},"end":{}}],"line":64},"5":{"loc":{"start":{"line":64,"column":8},"end":{"line":64,"column":35}},"type":"binary-expr","locations":[{"start":{"line":64,"column":8},"end":{"line":64,"column":22}},{"start":{"line":64,"column":26},"end":{"line":64,"column":35}}],"line":64},"6":{"loc":{"start":{"line":121,"column":4},"end":{"line":124,"column":5}},"type":"if","locations":[{"start":{"line":121,"column":4},"end":{"line":124,"column":5}},{"start":{},"end":{}}],"line":121},"7":{"loc":{"start":{"line":147,"column":4},"end":{"line":159,"column":5}},"type":"switch","locations":[{"start":{"line":148,"column":4},"end":{"line":150,"column":12}},{"start":{"line":151,"column":4},"end":{"line":153,"column":12}},{"start":{"line":154,"column":4},"end":{"line":156,"column":12}},{"start":{"line":157,"column":4},"end":{"line":158,"column":18}}],"line":147},"8":{"loc":{"start":{"line":170,"column":12},"end":{"line":170,"column":72}},"type":"cond-expr","locations":[{"start":{"line":170,"column":29},"end":{"line":170,"column":50}},{"start":{"line":170,"column":53},"end":{"line":170,"column":72}}],"line":170},"9":{"loc":{"start":{"line":172,"column":10},"end":{"line":224,"column":16}},"type":"cond-expr","locations":[{"start":{"line":173,"column":10},"end":{"line":223,"column":16}},{"start":{"line":224,"column":12},"end":{"line":224,"column":16}}],"line":172},"10":{"loc":{"start":{"line":188,"column":16},"end":{"line":200,"column":17}},"type":"if","locations":[{"start":{"line":188,"column":16},"end":{"line":200,"column":17}},{"start":{},"end":{}}],"line":188},"11":{"loc":{"start":{"line":193,"column":34},"end":{"line":193,"column":57}},"type":"cond-expr","locations":[{"start":{"line":193,"column":43},"end":{"line":193,"column":52}},{"start":{"line":193,"column":55},"end":{"line":193,"column":57}}],"line":193},"12":{"loc":{"start":{"line":205,"column":32},"end":{"line":205,"column":54}},"type":"cond-expr","locations":[{"start":{"line":205,"column":41},"end":{"line":205,"column":49}},{"start":{"line":205,"column":52},"end":{"line":205,"column":54}}],"line":205},"13":{"loc":{"start":{"line":214,"column":14},"end":{"line":222,"column":20}},"type":"cond-expr","locations":[{"start":{"line":215,"column":14},"end":{"line":221,"column":23}},{"start":{"line":222,"column":16},"end":{"line":222,"column":20}}],"line":214}},"s":{"0":1,"1":1,"2":1,"3":1,"4":1,"5":1,"6":1,"7":1,"8":1,"9":1,"10":1,"11":0,"12":0,"13":0,"14":1,"15":1,"16":0,"17":0,"18":0,"19":0,"20":0,"21":0,"22":0,"23":0,"24":0,"25":0,"26":0,"27":1,"28":1,"29":1,"30":0,"31":0,"32":0,"33":1,"34":1,"35":1,"36":1,"37":0,"38":0,"39":1,"40":0,"41":0,"42":1,"43":0,"44":0,"45":0,"46":0,"47":0,"48":0,"49":1,"50":0,"51":0,"52":0,"53":0,"54":1,"55":0,"56":0,"57":0,"58":0,"59":0,"60":0,"61":0,"62":0,"63":0,"64":1,"65":0,"66":0,"67":1,"68":0,"69":0,"70":0,"71":0,"72":0,"73":0,"74":0,"75":0,"76":0,"77":0,"78":0,"79":0,"80":0,"81":0,"82":0,"83":2,"84":2,"85":0,"86":0,"87":0,"88":2,"89":2,"90":2},"f":{"0":1,"1":0,"2":0,"3":0,"4":0,"5":0,"6":1,"7":1,"8":1,"9":0,"10":0,"11":0,"12":0,"13":0,"14":0,"15":0,"16":0,"17":0,"18":0,"19":2,"20":0,"21":2},"b":{"0":[0,1],"1":[0,0],"2":[0,0],"3":[0,0],"4":[0,1],"5":[1,0],"6":[0,0],"7":[0,0,0,0],"8":[0,2],"9":[0,2],"10":[0,0],"11":[0,0],"12":[0,0],"13":[0,0]},"_coverageSchema":"1a1c01bbd47fc00a2c39e90264f33305004495a9","hash":"a8fdf55fa999a04654fff8d05c94fc99258da81e"}
,"/home/amandarodrigues/Documentos/trybe/projetos/frontend/trivia-react-redux/sd-030-a-project-trivia-react-redux/src/pages/Login.jsx": {"path":"/home/amandarodrigues/Documentos/trybe/projetos/frontend/trivia-react-redux/sd-030-a-project-trivia-react-redux/src/pages/Login.jsx","statementMap":{"0":{"start":{"line":9,"column":10},"end":{"line":13,"column":3}},"1":{"start":{"line":15,"column":17},"end":{"line":20,"column":3}},"2":{"start":{"line":16,"column":28},"end":{"line":16,"column":34}},"3":{"start":{"line":17,"column":4},"end":{"line":19,"column":29}},"4":{"start":{"line":22,"column":20},"end":{"line":30,"column":3}},"5":{"start":{"line":23,"column":28},"end":{"line":23,"column":38}},"6":{"start":{"line":24,"column":25},"end":{"line":24,"column":85}},"7":{"start":{"line":25,"column":24},"end":{"line":25,"column":65}},"8":{"start":{"line":26,"column":24},"end":{"line":26,"column":51}},"9":{"start":{"line":26,"column":49},"end":{"line":26,"column":50}},"10":{"start":{"line":27,"column":4},"end":{"line":29,"column":7}},"11":{"start":{"line":32,"column":15},"end":{"line":40,"column":3}},"12":{"start":{"line":33,"column":34},"end":{"line":33,"column":44}},"13":{"start":{"line":34,"column":21},"end":{"line":34,"column":85}},"14":{"start":{"line":35,"column":17},"end":{"line":35,"column":38}},"15":{"start":{"line":36,"column":22},"end":{"line":36,"column":26}},"16":{"start":{"line":37,"column":4},"end":{"line":37,"column":41}},"17":{"start":{"line":38,"column":4},"end":{"line":38,"column":39}},"18":{"start":{"line":39,"column":4},"end":{"line":39,"column":26}},"19":{"start":{"line":42,"column":14},"end":{"line":45,"column":3}},"20":{"start":{"line":43,"column":24},"end":{"line":43,"column":34}},"21":{"start":{"line":44,"column":4},"end":{"line":44,"column":30}},"22":{"start":{"line":48,"column":42},"end":{"line":48,"column":52}},"23":{"start":{"line":50,"column":4},"end":{"line":92,"column":6}},"24":{"start":{"line":96,"column":0},"end":{"line":101,"column":2}},"25":{"start":{"line":103,"column":24},"end":{"line":106,"column":2}},"26":{"start":{"line":103,"column":36},"end":{"line":106,"column":1}}},"fnMap":{"0":{"name":"(anonymous_0)","decl":{"start":{"line":15,"column":17},"end":{"line":15,"column":18}},"loc":{"start":{"line":15,"column":33},"end":{"line":20,"column":3}},"line":15},"1":{"name":"(anonymous_1)","decl":{"start":{"line":22,"column":20},"end":{"line":22,"column":21}},"loc":{"start":{"line":22,"column":26},"end":{"line":30,"column":3}},"line":22},"2":{"name":"(anonymous_2)","decl":{"start":{"line":26,"column":42},"end":{"line":26,"column":43}},"loc":{"start":{"line":26,"column":49},"end":{"line":26,"column":50}},"line":26},"3":{"name":"(anonymous_3)","decl":{"start":{"line":32,"column":15},"end":{"line":32,"column":16}},"loc":{"start":{"line":32,"column":27},"end":{"line":40,"column":3}},"line":32},"4":{"name":"(anonymous_4)","decl":{"start":{"line":42,"column":14},"end":{"line":42,"column":15}},"loc":{"start":{"line":42,"column":20},"end":{"line":45,"column":3}},"line":42},"5":{"name":"(anonymous_5)","decl":{"start":{"line":47,"column":2},"end":{"line":47,"column":3}},"loc":{"start":{"line":47,"column":11},"end":{"line":93,"column":3}},"line":47},"6":{"name":"(anonymous_6)","decl":{"start":{"line":103,"column":24},"end":{"line":103,"column":25}},"loc":{"start":{"line":103,"column":36},"end":{"line":106,"column":1}},"line":103}},"branchMap":{"0":{"loc":{"start":{"line":77,"column":24},"end":{"line":77,"column":55}},"type":"cond-expr","locations":[{"start":{"line":77,"column":39},"end":{"line":77,"column":45}},{"start":{"line":77,"column":48},"end":{"line":77,"column":55}}],"line":77}},"s":{"0":11,"1":11,"2":42,"3":42,"4":11,"5":42,"6":42,"7":42,"8":42,"9":99,"10":42,"11":11,"12":1,"13":1,"14":1,"15":1,"16":1,"17":1,"18":1,"19":11,"20":1,"21":1,"22":96,"23":96,"24":2,"25":2,"26":12},"f":{"0":42,"1":42,"2":99,"3":1,"4":1,"5":96,"6":12},"b":{"0":[90,6]},"_coverageSchema":"1a1c01bbd47fc00a2c39e90264f33305004495a9","hash":"0286829231710cb84ceb4d3131b22a78bfa28dcf"}
,"/home/amandarodrigues/Documentos/trybe/projetos/frontend/trivia-react-redux/sd-030-a-project-trivia-react-redux/src/pages/Ranking.jsx": {"path":"/home/amandarodrigues/Documentos/trybe/projetos/frontend/trivia-react-redux/sd-030-a-project-trivia-react-redux/src/pages/Ranking.jsx","statementMap":{"0":{"start":{"line":9,"column":10},"end":{"line":11,"column":3}},"1":{"start":{"line":14,"column":4},"end":{"line":14,"column":19}},"2":{"start":{"line":15,"column":20},"end":{"line":15,"column":36}},"3":{"start":{"line":16,"column":4},"end":{"line":18,"column":7}},"4":{"start":{"line":29,"column":12},"end":{"line":43,"column":3}},"5":{"start":{"line":30,"column":43},"end":{"line":30,"column":53}},"6":{"start":{"line":31,"column":17},"end":{"line":31,"column":46}},"7":{"start":{"line":32,"column":21},"end":{"line":32,"column":62}},"8":{"start":{"line":34,"column":4},"end":{"line":42,"column":5}},"9":{"start":{"line":35,"column":20},"end":{"line":39,"column":7}},"10":{"start":{"line":41,"column":6},"end":{"line":41,"column":24}},"11":{"start":{"line":46,"column":24},"end":{"line":46,"column":34}},"12":{"start":{"line":47,"column":24},"end":{"line":47,"column":34}},"13":{"start":{"line":48,"column":20},"end":{"line":53,"column":6}},"14":{"start":{"line":49,"column":6},"end":{"line":51,"column":7}},"15":{"start":{"line":50,"column":8},"end":{"line":50,"column":56}},"16":{"start":{"line":52,"column":6},"end":{"line":52,"column":43}},"17":{"start":{"line":55,"column":4},"end":{"line":78,"column":6}},"18":{"start":{"line":60,"column":12},"end":{"line":67,"column":17}},"19":{"start":{"line":73,"column":26},"end":{"line":73,"column":43}},"20":{"start":{"line":82,"column":0},"end":{"line":90,"column":2}},"21":{"start":{"line":92,"column":24},"end":{"line":94,"column":2}},"22":{"start":{"line":92,"column":42},"end":{"line":94,"column":1}}},"fnMap":{"0":{"name":"(anonymous_0)","decl":{"start":{"line":13,"column":2},"end":{"line":13,"column":3}},"loc":{"start":{"line":13,"column":28},"end":{"line":19,"column":3}},"line":13},"1":{"name":"(anonymous_1)","decl":{"start":{"line":29,"column":12},"end":{"line":29,"column":13}},"loc":{"start":{"line":29,"column":18},"end":{"line":43,"column":3}},"line":29},"2":{"name":"(anonymous_2)","decl":{"start":{"line":45,"column":2},"end":{"line":45,"column":3}},"loc":{"start":{"line":45,"column":11},"end":{"line":79,"column":3}},"line":45},"3":{"name":"(anonymous_3)","decl":{"start":{"line":48,"column":33},"end":{"line":48,"column":34}},"loc":{"start":{"line":48,"column":55},"end":{"line":53,"column":5}},"line":48},"4":{"name":"(anonymous_4)","decl":{"start":{"line":59,"column":23},"end":{"line":59,"column":24}},"loc":{"start":{"line":60,"column":12},"end":{"line":67,"column":17}},"line":60},"5":{"name":"(anonymous_5)","decl":{"start":{"line":73,"column":20},"end":{"line":73,"column":21}},"loc":{"start":{"line":73,"column":26},"end":{"line":73,"column":43}},"line":73},"6":{"name":"(anonymous_6)","decl":{"start":{"line":92,"column":24},"end":{"line":92,"column":25}},"loc":{"start":{"line":92,"column":42},"end":{"line":94,"column":1}},"line":92}},"branchMap":{"0":{"loc":{"start":{"line":34,"column":4},"end":{"line":42,"column":5}},"type":"if","locations":[{"start":{"line":34,"column":4},"end":{"line":42,"column":5}},{"start":{},"end":{}}],"line":34},"1":{"loc":{"start":{"line":49,"column":6},"end":{"line":51,"column":7}},"type":"if","locations":[{"start":{"line":49,"column":6},"end":{"line":51,"column":7}},{"start":{},"end":{}}],"line":49}},"s":{"0":1,"1":1,"2":1,"3":1,"4":1,"5":1,"6":1,"7":1,"8":1,"9":0,"10":0,"11":1,"12":1,"13":1,"14":0,"15":0,"16":0,"17":1,"18":0,"19":0,"20":2,"21":2,"22":1},"f":{"0":1,"1":1,"2":1,"3":0,"4":0,"5":0,"6":1},"b":{"0":[0,1],"1":[0,0]},"_coverageSchema":"1a1c01bbd47fc00a2c39e90264f33305004495a9","hash":"8e77cbc8ef45e7699691a498167146c07e995bad"}
,"/home/amandarodrigues/Documentos/trybe/projetos/frontend/trivia-react-redux/sd-030-a-project-trivia-react-redux/src/pages/Settings.jsx": {"path":"/home/amandarodrigues/Documentos/trybe/projetos/frontend/trivia-react-redux/sd-030-a-project-trivia-react-redux/src/pages/Settings.jsx","statementMap":{"0":{"start":{"line":6,"column":4},"end":{"line":15,"column":6}}},"fnMap":{"0":{"name":"(anonymous_0)","decl":{"start":{"line":5,"column":2},"end":{"line":5,"column":3}},"loc":{"start":{"line":5,"column":11},"end":{"line":16,"column":3}},"line":5}},"branchMap":{},"s":{"0":1},"f":{"0":1},"b":{},"_coverageSchema":"1a1c01bbd47fc00a2c39e90264f33305004495a9","hash":"237e553810b9c6b43afed5fb9896a4103e37ec37"}
}
