{"total": {"lines":{"total":175,"covered":107,"skipped":0,"pct":61.14},"statements":{"total":188,"covered":113,"skipped":0,"pct":60.1},"functions":{"total":49,"covered":29,"skipped":0,"pct":59.18},"branches":{"total":48,"covered":15,"skipped":0,"pct":31.25},"branchesTrue":{"total":0,"covered":0,"skipped":0,"pct":100}}
,"/home/amandarodrigues/Documentos/trybe/projetos/frontend/trivia-react-redux/sd-030-a-project-trivia-react-redux/src/App.js": {"lines":{"total":1,"covered":1,"skipped":0,"pct":100},"functions":{"total":1,"covered":1,"skipped":0,"pct":100},"statements":{"total":1,"covered":1,"skipped":0,"pct":100},"branches":{"total":0,"covered":0,"skipped":0,"pct":100}}
,"/home/amandarodrigues/Documentos/trybe/projetos/frontend/trivia-react-redux/sd-030-a-project-trivia-react-redux/src/Redux/store.js": {"lines":{"total":3,"covered":0,"skipped":0,"pct":0},"functions":{"total":0,"covered":0,"skipped":0,"pct":100},"statements":{"total":3,"covered":0,"skipped":0,"pct":0},"branches":{"total":2,"covered":0,"skipped":0,"pct":0}}
,"/home/amandarodrigues/Documentos/trybe/projetos/frontend/trivia-react-redux/sd-030-a-project-trivia-react-redux/src/Redux/Reducer/player.js": {"lines":{"total":8,"covered":6,"skipped":0,"pct":75},"functions":{"total":1,"covered":1,"skipped":0,"pct":100},"statements":{"total":8,"covered":6,"skipped":0,"pct":75},"branches":{"total":6,"covered":4,"skipped":0,"pct":66.66}}
,"/home/amandarodrigues/Documentos/trybe/projetos/frontend/trivia-react-redux/sd-030-a-project-trivia-react-redux/src/Redux/Reducer/token.js": {"lines":{"total":0,"covered":0,"skipped":0,"pct":100},"functions":{"total":0,"covered":0,"skipped":0,"pct":100},"statements":{"total":0,"covered":0,"skipped":0,"pct":100},"branches":{"total":0,"covered":0,"skipped":0,"pct":100}}
,"/home/amandarodrigues/Documentos/trybe/projetos/frontend/trivia-react-redux/sd-030-a-project-trivia-react-redux/src/components/Header.jsx": {"lines":{"total":15,"covered":15,"skipped":0,"pct":100},"functions":{"total":4,"covered":4,"skipped":0,"pct":100},"statements":{"total":16,"covered":16,"skipped":0,"pct":100},"branches":{"total":0,"covered":0,"skipped":0,"pct":100}}
,"/home/amandarodrigues/Documentos/trybe/projetos/frontend/trivia-react-redux/sd-030-a-project-trivia-react-redux/src/helpers/storage.js": {"lines":{"total":7,"covered":4,"skipped":0,"pct":57.14},"functions":{"total":2,"covered":1,"skipped":0,"pct":50},"statements":{"total":7,"covered":4,"skipped":0,"pct":57.14},"branches":{"total":2,"covered":1,"skipped":0,"pct":50}}
,"/home/amandarodrigues/Documentos/trybe/projetos/frontend/trivia-react-redux/sd-030-a-project-trivia-react-redux/src/pages/Feedback.jsx": {"lines":{"total":10,"covered":10,"skipped":0,"pct":100},"functions":{"total":4,"covered":4,"skipped":0,"pct":100},"statements":{"total":11,"covered":11,"skipped":0,"pct":100},"branches":{"total":2,"covered":2,"skipped":0,"pct":100}}
,"/home/amandarodrigues/Documentos/trybe/projetos/frontend/trivia-react-redux/sd-030-a-project-trivia-react-redux/src/pages/Game.jsx": {"lines":{"total":83,"covered":30,"skipped":0,"pct":36.14},"functions":{"total":22,"covered":6,"skipped":0,"pct":27.27},"statements":{"total":91,"covered":31,"skipped":0,"pct":34.06},"branches":{"total":30,"covered":5,"skipped":0,"pct":16.66}}
,"/home/amandarodrigues/Documentos/trybe/projetos/frontend/trivia-react-redux/sd-030-a-project-trivia-react-redux/src/pages/Login.jsx": {"lines":{"total":25,"covered":25,"skipped":0,"pct":100},"functions":{"total":7,"covered":7,"skipped":0,"pct":100},"statements":{"total":27,"covered":27,"skipped":0,"pct":100},"branches":{"total":2,"covered":2,"skipped":0,"pct":100}}
,"/home/amandarodrigues/Documentos/trybe/projetos/frontend/trivia-react-redux/sd-030-a-project-trivia-react-redux/src/pages/Ranking.jsx": {"lines":{"total":22,"covered":15,"skipped":0,"pct":68.18},"functions":{"total":7,"covered":4,"skipped":0,"pct":57.14},"statements":{"total":23,"covered":16,"skipped":0,"pct":69.56},"branches":{"total":4,"covered":1,"skipped":0,"pct":25}}
,"/home/amandarodrigues/Documentos/trybe/projetos/frontend/trivia-react-redux/sd-030-a-project-trivia-react-redux/src/pages/Settings.jsx": {"lines":{"total":1,"covered":1,"skipped":0,"pct":100},"functions":{"total":1,"covered":1,"skipped":0,"pct":100},"statements":{"total":1,"covered":1,"skipped":0,"pct":100},"branches":{"total":0,"covered":0,"skipped":0,"pct":100}}
}
