TN:
SF:src/App.js
FN:11,(anonymous_0)
FNF:1
FNH:1
FNDA:7,(anonymous_0)
DA:12,7
LF:1
LH:1
BRF:0
BRH:0
end_of_record
TN:
SF:src/Redux/store.js
FNF:0
FNH:0
DA:7,0
DA:14,0
DA:15,0
LF:3
LH:0
BRDA:14,0,0,0
BRDA:14,0,1,0
BRF:2
BRH:0
end_of_record
TN:
SF:src/Redux/Reducer/player.js
FN:10,(anonymous_0)
FNF:1
FNH:1
FNDA:16,(anonymous_0)
DA:3,2
DA:10,2
DA:11,16
DA:13,1
DA:19,0
DA:24,0
DA:29,1
DA:34,14
LF:8
LH:6
BRDA:10,0,0,13
BRDA:11,1,0,1
BRDA:11,1,1,0
BRDA:11,1,2,0
BRDA:11,1,3,1
BRDA:11,1,4,14
BRF:6
BRH:4
end_of_record
TN:
SF:src/Redux/Reducer/token.js
FNF:0
FNH:0
LF:0
LH:0
BRF:0
BRH:0
end_of_record
TN:
SF:src/components/Header.jsx
FN:12,(anonymous_0)
FN:20,(anonymous_1)
FN:38,(anonymous_2)
FN:72,(anonymous_3)
FNF:4
FNH:4
FNDA:5,(anonymous_0)
FNDA:5,(anonymous_1)
FNDA:10,(anonymous_2)
FNDA:6,(anonymous_3)
DA:8,5
DA:13,5
DA:14,5
DA:15,5
DA:21,5
DA:22,5
DA:23,5
DA:25,5
DA:30,5
DA:39,10
DA:40,10
DA:41,10
DA:58,10
DA:72,6
DA:76,2
LF:15
LH:15
BRF:0
BRH:0
end_of_record
TN:
SF:src/helpers/storage.js
FN:1,(anonymous_0)
FN:5,(anonymous_1)
FNF:2
FNH:1
FNDA:1,(anonymous_0)
FNDA:0,(anonymous_1)
DA:1,2
DA:2,1
DA:3,1
DA:5,2
DA:6,0
DA:7,0
DA:8,0
LF:7
LH:4
BRDA:3,0,0,0
BRDA:3,0,1,1
BRF:2
BRH:1
end_of_record
TN:
SF:src/pages/Feedback.jsx
FN:8,(anonymous_0)
FN:14,(anonymous_1)
FN:35,(anonymous_2)
FN:53,(anonymous_3)
FNF:4
FNH:4
FNDA:1,(anonymous_0)
FNDA:4,(anonymous_1)
FNDA:1,(anonymous_2)
FNDA:4,(anonymous_3)
DA:8,4
DA:9,1
DA:11,1
DA:15,4
DA:16,4
DA:17,4
DA:18,4
DA:35,1
DA:45,2
DA:53,4
LF:10
LH:10
BRDA:17,0,0,3
BRDA:17,0,1,1
BRF:2
BRH:2
end_of_record
TN:
SF:src/pages/Game.jsx
FN:19,(anonymous_0)
FN:43,(anonymous_1)
FN:44,(anonymous_2)
FN:45,(anonymous_3)
FN:46,(anonymous_4)
FN:46,(anonymous_5)
FN:61,(anonymous_6)
FN:74,(anonymous_7)
FN:78,(anonymous_8)
FN:80,(anonymous_9)
FN:81,(anonymous_10)
FN:87,(anonymous_11)
FN:95,(anonymous_12)
FN:107,(anonymous_13)
FN:117,(anonymous_14)
FN:126,(anonymous_15)
FN:134,(anonymous_16)
FN:135,(anonymous_17)
FN:140,(anonymous_18)
FN:164,(anonymous_19)
FN:187,(anonymous_20)
FN:237,(anonymous_21)
FNF:22
FNH:6
FNDA:1,(anonymous_0)
FNDA:0,(anonymous_1)
FNDA:0,(anonymous_2)
FNDA:0,(anonymous_3)
FNDA:0,(anonymous_4)
FNDA:0,(anonymous_5)
FNDA:1,(anonymous_6)
FNDA:1,(anonymous_7)
FNDA:1,(anonymous_8)
FNDA:0,(anonymous_9)
FNDA:0,(anonymous_10)
FNDA:0,(anonymous_11)
FNDA:0,(anonymous_12)
FNDA:0,(anonymous_13)
FNDA:0,(anonymous_14)
FNDA:0,(anonymous_15)
FNDA:0,(anonymous_16)
FNDA:0,(anonymous_17)
FNDA:0,(anonymous_18)
FNDA:2,(anonymous_19)
FNDA:0,(anonymous_20)
FNDA:2,(anonymous_21)
DA:9,1
DA:20,1
DA:21,1
DA:22,1
DA:23,1
DA:24,1
DA:26,1
DA:27,1
DA:28,1
DA:29,1
DA:30,1
DA:31,0
DA:32,0
DA:33,0
DA:35,1
DA:43,1
DA:44,0
DA:45,0
DA:46,0
DA:47,0
DA:49,0
DA:51,0
DA:52,0
DA:57,1
DA:62,1
DA:64,1
DA:65,0
DA:66,0
DA:67,0
DA:75,1
DA:78,1
DA:79,1
DA:80,1
DA:81,0
DA:87,1
DA:88,0
DA:89,0
DA:95,1
DA:96,0
DA:98,0
DA:99,0
DA:100,0
DA:101,0
DA:104,0
DA:107,1
DA:108,0
DA:109,0
DA:111,0
DA:112,0
DA:117,1
DA:118,0
DA:119,0
DA:120,0
DA:121,0
DA:122,0
DA:123,0
DA:125,0
DA:126,0
DA:134,1
DA:135,0
DA:140,1
DA:141,0
DA:142,0
DA:143,0
DA:144,0
DA:145,0
DA:147,0
DA:149,0
DA:150,0
DA:152,0
DA:153,0
DA:155,0
DA:156,0
DA:158,0
DA:160,0
DA:161,0
DA:165,2
DA:166,2
DA:188,0
DA:189,0
DA:201,0
DA:230,2
DA:237,2
LF:83
LH:30
BRDA:30,0,0,0
BRDA:30,0,1,1
BRDA:44,1,0,0
BRDA:44,1,1,0
BRDA:45,2,0,0
BRDA:45,2,1,0
BRDA:46,3,0,0
BRDA:46,3,1,0
BRDA:64,4,0,0
BRDA:64,4,1,1
BRDA:64,5,0,1
BRDA:64,5,1,0
BRDA:121,6,0,0
BRDA:121,6,1,0
BRDA:147,7,0,0
BRDA:147,7,1,0
BRDA:147,7,2,0
BRDA:147,7,3,0
BRDA:170,8,0,0
BRDA:170,8,1,2
BRDA:172,9,0,0
BRDA:172,9,1,2
BRDA:188,10,0,0
BRDA:188,10,1,0
BRDA:193,11,0,0
BRDA:193,11,1,0
BRDA:205,12,0,0
BRDA:205,12,1,0
BRDA:214,13,0,0
BRDA:214,13,1,0
BRF:30
BRH:5
end_of_record
TN:
SF:src/pages/Login.jsx
FN:15,(anonymous_0)
FN:22,(anonymous_1)
FN:26,(anonymous_2)
FN:32,(anonymous_3)
FN:42,(anonymous_4)
FN:47,(anonymous_5)
FN:103,(anonymous_6)
FNF:7
FNH:7
FNDA:42,(anonymous_0)
FNDA:42,(anonymous_1)
FNDA:99,(anonymous_2)
FNDA:1,(anonymous_3)
FNDA:1,(anonymous_4)
FNDA:96,(anonymous_5)
FNDA:12,(anonymous_6)
DA:9,11
DA:15,11
DA:16,42
DA:17,42
DA:22,11
DA:23,42
DA:24,42
DA:25,42
DA:26,99
DA:27,42
DA:32,11
DA:33,1
DA:34,1
DA:35,1
DA:36,1
DA:37,1
DA:38,1
DA:39,1
DA:42,11
DA:43,1
DA:44,1
DA:48,96
DA:50,96
DA:96,2
DA:103,12
LF:25
LH:25
BRDA:77,0,0,90
BRDA:77,0,1,6
BRF:2
BRH:2
end_of_record
TN:
SF:src/pages/Ranking.jsx
FN:13,(anonymous_0)
FN:29,(anonymous_1)
FN:45,(anonymous_2)
FN:48,(anonymous_3)
FN:59,(anonymous_4)
FN:73,(anonymous_5)
FN:92,(anonymous_6)
FNF:7
FNH:4
FNDA:1,(anonymous_0)
FNDA:1,(anonymous_1)
FNDA:1,(anonymous_2)
FNDA:0,(anonymous_3)
FNDA:0,(anonymous_4)
FNDA:0,(anonymous_5)
FNDA:1,(anonymous_6)
DA:9,1
DA:14,1
DA:15,1
DA:16,1
DA:29,1
DA:30,1
DA:31,1
DA:32,1
DA:34,1
DA:35,0
DA:41,0
DA:46,1
DA:47,1
DA:48,1
DA:49,0
DA:50,0
DA:52,0
DA:55,1
DA:60,0
DA:73,0
DA:82,2
DA:92,2
LF:22
LH:15
BRDA:34,0,0,0
BRDA:34,0,1,1
BRDA:49,1,0,0
BRDA:49,1,1,0
BRF:4
BRH:1
end_of_record
TN:
SF:src/pages/Settings.jsx
FN:5,(anonymous_0)
FNF:1
FNH:1
FNDA:1,(anonymous_0)
DA:6,1
LF:1
LH:1
BRF:0
BRH:0
end_of_record
